<?xml version="1.0" encoding="UTF-8"?>
<!-- Generated by org.testng.reporters.JUnitReportReporter -->
<testsuite skipped="0" hostname="Akshay-PC" name="com.tests.LoginTest" tests="2" failures="0" timestamp="20 Jan 2018 05:22:47 GMT" time="15.775" errors="0">
  <testcase name="freeCrmTitleTest" time="5.813" classname="com.tests.LoginTest"/>
  <testcase name="freeCRMLogoImageTest" time="9.962" classname="com.tests.LoginTest"/>
</testsuite> <!-- com.tests.LoginTest -->
