<?xml version="1.0" encoding="UTF-8"?>
<!-- Generated by org.testng.reporters.JUnitReportReporter -->
<testsuite skipped="0" hostname="Akshay-PC" name="com.tests.LoginTest" tests="2" failures="0" timestamp="20 Jan 2018 04:57:23 GMT" time="37.952" errors="0">
  <testcase name="freeCrmTitleTest" time="13.742" classname="com.tests.LoginTest"/>
  <testcase name="freeCRMLogoImageTest" time="24.210" classname="com.tests.LoginTest"/>
</testsuite> <!-- com.tests.LoginTest -->
